TN:
SF:server.js
FN:23,(anonymous_0)
FNF:1
FNH:1
FNDA:1,(anonymous_0)
DA:9,1
DA:11,1
DA:13,1
DA:14,1
DA:15,1
DA:17,1
DA:19,1
DA:21,1
DA:23,1
DA:24,1
LF:10
LH:10
BRDA:19,0,0,1
BRDA:19,0,1,0
BRF:2
BRH:1
end_of_record
TN:
SF:src/controllers/usuarios.controller.js
FN:8,(anonymous_0)
FN:14,(anonymous_1)
FN:21,(anonymous_2)
FN:25,(anonymous_3)
FN:41,(anonymous_4)
FN:45,(anonymous_5)
FN:57,(anonymous_6)
FN:59,(anonymous_7)
FN:68,(anonymous_8)
FN:71,(anonymous_9)
FNF:10
FNH:10
FNDA:2,(anonymous_0)
FNDA:3,(anonymous_1)
FNDA:3,(anonymous_2)
FNDA:11,(anonymous_3)
FNDA:1,(anonymous_4)
FNDA:4,(anonymous_5)
FNDA:1,(anonymous_6)
FNDA:3,(anonymous_7)
FNDA:1,(anonymous_8)
FNDA:4,(anonymous_9)
DA:2,1
DA:8,1
DA:10,2
DA:12,2
DA:14,3
DA:16,2
DA:21,1
DA:23,3
DA:25,11
DA:27,3
DA:28,2
DA:33,1
DA:35,1
DA:41,1
DA:42,1
DA:43,1
DA:45,1
DA:46,4
DA:47,1
DA:51,1
DA:57,1
DA:58,1
DA:59,3
DA:60,1
DA:61,0
DA:63,1
DA:68,1
DA:69,1
DA:71,4
DA:73,1
LF:30
LH:29
BRDA:14,0,0,1
BRDA:14,0,1,1
BRDA:27,1,0,2
BRDA:27,1,1,1
BRDA:46,2,0,1
BRDA:46,2,1,3
BRDA:60,3,0,0
BRDA:60,3,1,1
BRF:8
BRH:7
end_of_record
TN:
SF:src/middlewares/middlewares.js
FN:2,(anonymous_0)
FN:7,(anonymous_1)
FNF:2
FNH:2
FNDA:10,(anonymous_0)
FNDA:6,(anonymous_1)
DA:2,1
DA:3,10
DA:4,10
DA:7,1
DA:9,6
DA:11,6
DA:13,6
DA:14,1
DA:16,6
DA:17,1
DA:19,6
DA:20,2
DA:22,4
LF:13
LH:13
BRDA:13,0,0,1
BRDA:13,0,1,5
BRDA:16,1,0,1
BRDA:16,1,1,5
BRDA:19,2,0,2
BRDA:19,2,1,4
BRF:6
BRH:6
end_of_record
TN:
SF:src/routes/usuarios.routes.js
FNF:0
FNH:0
DA:5,1
DA:8,1
DA:9,1
DA:10,1
DA:11,1
DA:12,1
LF:6
LH:6
BRF:0
BRH:0
end_of_record
